Running: /opt/Xilinx/14.7/ISE_DS/ISE/bin/lin64/unwrapped/fuse -intstyle ise -incremental -lib unisims_ver -lib unimacro_ver -lib xilinxcorelib_ver -lib secureip -o /home/proton/Xilinx_ISE_DS_Lin_14.7_1015_1/Lab/Lab5/LampCtrl138/LampCtrl138_LampCtrl138_sch_tb_isim_beh.exe -prj /home/proton/Xilinx_ISE_DS_Lin_14.7_1015_1/Lab/Lab5/LampCtrl138/LampCtrl138_LampCtrl138_sch_tb_beh.prj work.LampCtrl138_LampCtrl138_sch_tb work.glbl 
ISim P.20131013 (signature 0xfbc00daa)
Number of CPUs detected in this system: 20
Turning on mult-threading, number of parallel sub-compilation jobs: 40 
Determining compilation order of HDL files
Analyzing Verilog file "/home/proton/Xilinx_ISE_DS_Lin_14.7_1015_1/Lab/Lab5/LampCtrl138/D_74LS138.vf" into library work
Analyzing Verilog file "/home/proton/Xilinx_ISE_DS_Lin_14.7_1015_1/Lab/Lab5/LampCtrl138/LampCtrl138.vf" into library work
Analyzing Verilog file "/home/proton/Xilinx_ISE_DS_Lin_14.7_1015_1/Lab/Lab5/LampCtrl138/LampCtrl138_sim.v" into library work
Analyzing Verilog file "/opt/Xilinx/14.7/ISE_DS/ISE//verilog/src/glbl.v" into library work
Starting static elaboration
Completed static elaboration
Fuse Memory Usage: 82992 KB
Fuse CPU Usage: 1990 ms
Compiling module INV
Compiling module AND2
Compiling module NOR3
Compiling module NAND3
Compiling module D_74LS138_MUSER_LampCtrl138
Compiling module GND
Compiling module VCC
Compiling module NAND4
Compiling module LampCtrl138
Compiling module LampCtrl138_LampCtrl138_sch_tb
Compiling module glbl
Time Resolution for simulation is 1ps.
Compiled 11 Verilog Units
Built simulation executable /home/proton/Xilinx_ISE_DS_Lin_14.7_1015_1/Lab/Lab5/LampCtrl138/LampCtrl138_LampCtrl138_sch_tb_isim_beh.exe
Fuse Memory Usage: 2740056 KB
Fuse CPU Usage: 2050 ms
GCC CPU Usage: 1560 ms
