Running: /opt/Xilinx/14.7/ISE_DS/ISE/bin/lin64/unwrapped/fuse -intstyle ise -incremental -lib unisims_ver -lib unimacro_ver -lib xilinxcorelib_ver -lib secureip -o /home/proton/Lab/Lab8/MyALU/myALU_myALU_sch_tb_isim_beh.exe -prj /home/proton/Lab/Lab8/MyALU/myALU_myALU_sch_tb_beh.prj work.myALU_myALU_sch_tb work.glbl 
ISim P.20131013 (signature 0xfbc00daa)
Number of CPUs detected in this system: 20
Turning on mult-threading, number of parallel sub-compilation jobs: 40 
Determining compilation order of HDL files
Analyzing Verilog file "/home/proton/Lab/Lab8/MyALU/Adder1b.vf" into library work
Analyzing Verilog file "/home/proton/Lab/Lab8/MyALU/AddSub1b.vf" into library work
Analyzing Verilog file "/home/proton/Lab/Lab8/MyALU/myOr2b4.vf" into library work
Analyzing Verilog file "/home/proton/Lab/Lab8/MyALU/myAnd2b4.vf" into library work
Analyzing Verilog file "/home/proton/Lab/Lab8/MyALU/Mux4to1_sch.vf" into library work
Analyzing Verilog file "/home/proton/Lab/Lab8/MyALU/Mux4to1b4.vf" into library work
Analyzing Verilog file "/home/proton/Lab/Lab8/MyALU/AddSub4b.vf" into library work
Analyzing Verilog file "/home/proton/Lab/Lab8/MyALU/myALU.vf" into library work
Analyzing Verilog file "/home/proton/Lab/Lab8/MyALU/myALU_sim.v" into library work
Analyzing Verilog file "/opt/Xilinx/14.7/ISE_DS/ISE//verilog/src/glbl.v" into library work
Starting static elaboration
Completed static elaboration
Fuse Memory Usage: 83156 KB
Fuse CPU Usage: 1430 ms
Compiling module XOR2
Compiling module AND2
Compiling module OR3
Compiling module Adder1b_MUSER_myALU
Compiling module AddSub1b_MUSER_myALU
Compiling module AddSub4b_MUSER_myALU
Compiling module myAnd2b4_MUSER_myALU
Compiling module OR2
Compiling module myOr2b4_MUSER_myALU
Compiling module INV
Compiling module OR4
Compiling module Mux4to1b4_MUSER_myALU
Compiling module Mux4to1_sch_MUSER_myALU
Compiling module GND
Compiling module myALU
Compiling module myALU_myALU_sch_tb
Compiling module glbl
Time Resolution for simulation is 1ps.
Waiting for 2 sub-compilation(s) to finish...
Compiled 17 Verilog Units
Built simulation executable /home/proton/Lab/Lab8/MyALU/myALU_myALU_sch_tb_isim_beh.exe
Fuse Memory Usage: 2740256 KB
Fuse CPU Usage: 1470 ms
GCC CPU Usage: 1350 ms
