--------------------------------------------------------------------------------
Release 14.7 Trace  (lin64)
Copyright (c) 1995-2013 Xilinx, Inc.  All rights reserved.

/opt/Xilinx/14.7/ISE_DS/ISE/bin/lin64/unwrapped/trce -intstyle ise -v 3 -s 1 -n
3 -fastpaths -xml top.twx top.ncd -o top.twr top.pcf -ucf K7.ucf

Design file:              top.ncd
Physical constraint file: top.pcf
Device,package,speed:     xc7k160t,fbg676,C,-1 (PRODUCTION 1.10 2013-10-13)
Report level:             verbose report

Environment Variable      Effect 
--------------------      ------ 
NONE                      No environment variables were set
--------------------------------------------------------------------------------

INFO:Timing:2698 - No timing constraints found, doing default enumeration.
INFO:Timing:3412 - To improve timing, see the Timing Closure User Guide (UG612).
INFO:Timing:2752 - To get complete path coverage, use the unconstrained paths 
   option. All paths that are not constrained will be reported in the 
   unconstrained paths section(s) of the report.
INFO:Timing:3339 - The clock-to-out numbers in this timing report are based on 
   a 50 Ohm transmission line loading model.  For the details of this model, 
   and for more information on accounting for different loading conditions, 
   please see the device datasheet.



Data Sheet report:
-----------------
All values displayed in nanoseconds (ns)

Clock clk to Pad
------------+-----------------+------------+-----------------+------------+------------------+--------+
            |Max (slowest) clk|  Process   |Min (fastest) clk|  Process   |                  | Clock  |
Destination |  (edge) to PAD  |   Corner   |  (edge) to PAD  |   Corner   |Internal Clock(s) | Phase  |
------------+-----------------+------------+-----------------+------------+------------------+--------+
AN<0>       |        12.066(R)|      SLOW  |         4.602(R)|      FAST  |clk_BUFGP         |   0.000|
AN<1>       |        12.069(R)|      SLOW  |         4.581(R)|      FAST  |clk_BUFGP         |   0.000|
AN<2>       |        12.049(R)|      SLOW  |         4.614(R)|      FAST  |clk_BUFGP         |   0.000|
AN<3>       |        12.072(R)|      SLOW  |         4.616(R)|      FAST  |clk_BUFGP         |   0.000|
SEGMENT<0>  |        17.338(R)|      SLOW  |         5.693(R)|      FAST  |clk_BUFGP         |   0.000|
SEGMENT<1>  |        16.753(R)|      SLOW  |         5.725(R)|      FAST  |clk_BUFGP         |   0.000|
SEGMENT<2>  |        16.518(R)|      SLOW  |         5.745(R)|      FAST  |clk_BUFGP         |   0.000|
SEGMENT<3>  |        17.122(R)|      SLOW  |         5.650(R)|      FAST  |clk_BUFGP         |   0.000|
SEGMENT<4>  |        16.120(R)|      SLOW  |         5.810(R)|      FAST  |clk_BUFGP         |   0.000|
SEGMENT<5>  |        16.895(R)|      SLOW  |         5.629(R)|      FAST  |clk_BUFGP         |   0.000|
SEGMENT<6>  |        15.131(R)|      SLOW  |         5.412(R)|      FAST  |clk_BUFGP         |   0.000|
------------+-----------------+------------+-----------------+------------+------------------+--------+

Clock to Setup on destination clock clk
---------------+---------+---------+---------+---------+
               | Src:Rise| Src:Fall| Src:Rise| Src:Fall|
Source Clock   |Dest:Rise|Dest:Rise|Dest:Fall|Dest:Fall|
---------------+---------+---------+---------+---------+
clk            |    1.379|         |         |         |
---------------+---------+---------+---------+---------+

Pad to Pad
---------------+---------------+---------+
Source Pad     |Destination Pad|  Delay  |
---------------+---------------+---------+
SW2<0>         |SEGMENT<0>     |   14.670|
SW2<0>         |SEGMENT<1>     |   14.265|
SW2<0>         |SEGMENT<2>     |   14.030|
SW2<0>         |SEGMENT<3>     |   14.454|
SW2<0>         |SEGMENT<4>     |   13.846|
SW2<0>         |SEGMENT<5>     |   14.227|
SW2<0>         |SEGMENT<6>     |   12.999|
SW2<1>         |SEGMENT<0>     |   13.851|
SW2<1>         |SEGMENT<1>     |   13.266|
SW2<1>         |SEGMENT<2>     |   13.031|
SW2<1>         |SEGMENT<3>     |   13.635|
SW2<1>         |SEGMENT<4>     |   12.699|
SW2<1>         |SEGMENT<5>     |   13.408|
SW2<1>         |SEGMENT<6>     |   11.852|
---------------+---------------+---------+


Analysis completed Thu Nov  9 16:43:29 2023 
--------------------------------------------------------------------------------

Trace Settings:
-------------------------
Trace Settings 

Peak Memory Usage: 860 MB



