Running: /opt/Xilinx/14.7/ISE_DS/ISE/bin/lin64/unwrapped/fuse -intstyle ise -incremental -lib unisims_ver -lib unimacro_ver -lib xilinxcorelib_ver -lib secureip -o /home/zjdxzn/lab13/LEDP2S/LED_DRV_sim_isim_beh.exe -prj /home/zjdxzn/lab13/LEDP2S/LED_DRV_sim_beh.prj work.LED_DRV_sim work.glbl 
ISim P.20131013 (signature 0xfbc00daa)
Number of CPUs detected in this system: 20
Turning on mult-threading, number of parallel sub-compilation jobs: 40 
Determining compilation order of HDL files
Analyzing Verilog file "/home/zjdxzn/lab13/LEDP2S/Adder1b.vf" into library work
Analyzing Verilog file "/home/zjdxzn/lab13/LEDP2S/AddSub1b.vf" into library work
Analyzing Verilog file "/home/zjdxzn/lab13/LEDP2S/../../lab7/DispNum/clkdiv.v" into library work
Analyzing Verilog file "/home/zjdxzn/lab13/LEDP2S/../../lab12/MyRegCounter/MyRegister4b.v" into library work
Analyzing Verilog file "/home/zjdxzn/lab13/LEDP2S/../../lab12/MyRegCounter/Load_Gen.v" into library work
Analyzing Verilog file "/home/zjdxzn/lab13/LEDP2S/AddSub4b.vf" into library work
Analyzing Verilog file "/home/zjdxzn/lab13/LEDP2S/SR_LATCH.vf" into library work
Analyzing Verilog file "/home/zjdxzn/lab13/LEDP2S/SLReg9b.v" into library work
Analyzing Verilog file "/home/zjdxzn/lab13/LEDP2S/Regtrans4b.v" into library work
Analyzing Verilog file "/home/zjdxzn/lab13/LEDP2S/LED.v" into library work
Analyzing Verilog file "/home/zjdxzn/lab13/LEDP2S/LED_DRV.v" into library work
Analyzing Verilog file "/home/zjdxzn/lab13/LEDP2S/LED_DRV_sim.v" into library work
Analyzing Verilog file "/opt/Xilinx/14.7/ISE_DS/ISE//verilog/src/glbl.v" into library work
Starting static elaboration
WARNING:HDLCompiler:1016 - "/home/zjdxzn/lab13/LEDP2S/LED_DRV.v" Line 60: Port clk_1ms is not connected to this instance
WARNING:HDLCompiler:1016 - "/home/zjdxzn/lab13/LEDP2S/LED_DRV.v" Line 62: Port Qbar is not connected to this instance
WARNING:HDLCompiler:1016 - "/home/zjdxzn/lab13/LEDP2S/Regtrans4b.v" Line 34: Port clk_1ms is not connected to this instance
WARNING:HDLCompiler:1016 - "/home/zjdxzn/lab13/LEDP2S/Regtrans4b.v" Line 36: Port C0 is not connected to this instance
Completed static elaboration
Fuse Memory Usage: 82964 KB
Fuse CPU Usage: 950 ms
Compiling module MyRegister4b
Compiling module Load_Gen
Compiling module clkdiv
Compiling module XOR2
Compiling module AND2
Compiling module OR3
Compiling module Adder1b_MUSER_AddSub4b
Compiling module AddSub1b_MUSER_AddSub4b
Compiling module AddSub4b
Compiling module Regtrans4b
Compiling module FD
Compiling module SLReg9b
Compiling module NOR2
Compiling module SR_LATCH
Compiling module LED
Compiling module LED_DRV
Compiling module LED_DRV_sim
Compiling module glbl
Time Resolution for simulation is 1ps.
Compiled 18 Verilog Units
Built simulation executable /home/zjdxzn/lab13/LEDP2S/LED_DRV_sim_isim_beh.exe
Fuse Memory Usage: 2740452 KB
Fuse CPU Usage: 990 ms
GCC CPU Usage: 990 ms
