--------------------------------------------------------------------------------
Release 14.7 Trace  (lin64)
Copyright (c) 1995-2013 Xilinx, Inc.  All rights reserved.

/opt/Xilinx/14.7/ISE_DS/ISE/bin/lin64/unwrapped/trce -intstyle ise -v 3 -s 1 -n
3 -fastpaths -xml LED_DRV.twx LED_DRV.ncd -o LED_DRV.twr LED_DRV.pcf -ucf
K7.ucf

Design file:              LED_DRV.ncd
Physical constraint file: LED_DRV.pcf
Device,package,speed:     xc7k160t,ffg676,C,-1 (PRODUCTION 1.10 2013-10-13)
Report level:             verbose report

Environment Variable      Effect 
--------------------      ------ 
NONE                      No environment variables were set
--------------------------------------------------------------------------------

INFO:Timing:2698 - No timing constraints found, doing default enumeration.
INFO:Timing:3412 - To improve timing, see the Timing Closure User Guide (UG612).
INFO:Timing:2752 - To get complete path coverage, use the unconstrained paths 
   option. All paths that are not constrained will be reported in the 
   unconstrained paths section(s) of the report.
INFO:Timing:3339 - The clock-to-out numbers in this timing report are based on 
   a 50 Ohm transmission line loading model.  For the details of this model, 
   and for more information on accounting for different loading conditions, 
   please see the device datasheet.



Data Sheet report:
-----------------
All values displayed in nanoseconds (ns)

Setup/Hold to clock clk
------------+------------+------------+------------+------------+------------------+--------+
            |Max Setup to|  Process   |Max Hold to |  Process   |                  | Clock  |
Source      | clk (edge) |   Corner   | clk (edge) |   Corner   |Internal Clock(s) | Phase  |
------------+------------+------------+------------+------------+------------------+--------+
SW<14>      |    0.049(R)|      FAST  |    2.736(R)|      SLOW  |clk_IBUF_BUFG     |   0.000|
------------+------------+------------+------------+------------+------------------+--------+

Clock clk to Pad
------------+-----------------+------------+-----------------+------------+------------------+--------+
            |Max (slowest) clk|  Process   |Min (fastest) clk|  Process   |                  | Clock  |
Destination |  (edge) to PAD  |   Corner   |  (edge) to PAD  |   Corner   |Internal Clock(s) | Phase  |
------------+-----------------+------------+-----------------+------------+------------------+--------+
AN<0>       |        12.464(R)|      SLOW  |         4.716(R)|      FAST  |clk_IBUF_BUFG     |   0.000|
AN<1>       |        12.539(R)|      SLOW  |         4.630(R)|      FAST  |clk_IBUF_BUFG     |   0.000|
AN<2>       |        12.526(R)|      SLOW  |         4.640(R)|      FAST  |clk_IBUF_BUFG     |   0.000|
AN<3>       |        12.361(R)|      SLOW  |         4.629(R)|      FAST  |clk_IBUF_BUFG     |   0.000|
LED_CLK     |        14.303(R)|      SLOW  |         5.236(R)|      FAST  |clk_IBUF_BUFG     |   0.000|
LED_D0      |        11.721(R)|      SLOW  |         4.405(R)|      FAST  |clk_IBUF_BUFG     |   0.000|
Segment<0>  |        15.481(R)|      SLOW  |         4.855(R)|      FAST  |clk_IBUF_BUFG     |   0.000|
Segment<1>  |        15.568(R)|      SLOW  |         4.757(R)|      FAST  |clk_IBUF_BUFG     |   0.000|
Segment<2>  |        15.490(R)|      SLOW  |         4.674(R)|      FAST  |clk_IBUF_BUFG     |   0.000|
Segment<3>  |        15.191(R)|      SLOW  |         4.747(R)|      FAST  |clk_IBUF_BUFG     |   0.000|
Segment<4>  |        14.656(R)|      SLOW  |         4.725(R)|      FAST  |clk_IBUF_BUFG     |   0.000|
Segment<5>  |        15.028(R)|      SLOW  |         4.630(R)|      FAST  |clk_IBUF_BUFG     |   0.000|
Segment<6>  |        14.545(R)|      SLOW  |         4.587(R)|      FAST  |clk_IBUF_BUFG     |   0.000|
------------+-----------------+------------+-----------------+------------+------------------+--------+

Clock to Setup on destination clock clk
---------------+---------+---------+---------+---------+
               | Src:Rise| Src:Fall| Src:Rise| Src:Fall|
Source Clock   |Dest:Rise|Dest:Rise|Dest:Fall|Dest:Fall|
---------------+---------+---------+---------+---------+
clk            |    2.565|         |         |         |
---------------+---------+---------+---------+---------+

Pad to Pad
---------------+---------------+---------+
Source Pad     |Destination Pad|  Delay  |
---------------+---------------+---------+
clk            |LED_CLK        |    9.948|
---------------+---------------+---------+


Analysis completed Thu Dec 21 13:45:00 2023 
--------------------------------------------------------------------------------

Trace Settings:
-------------------------
Trace Settings 

Peak Memory Usage: 860 MB



