Running: /opt/Xilinx/14.7/ISE_DS/ISE/bin/lin64/unwrapped/fuse -intstyle ise -incremental -lib unisims_ver -lib unimacro_ver -lib xilinxcorelib_ver -lib secureip -o /home/proton/Lab/Lab13/LEDP2S_sim/LED_DRV_sim_isim_beh.exe -prj /home/proton/Lab/Lab13/LEDP2S_sim/LED_DRV_sim_beh.prj work.LED_DRV_sim work.glbl 
ISim P.20131013 (signature 0xfbc00daa)
Number of CPUs detected in this system: 20
Turning on mult-threading, number of parallel sub-compilation jobs: 40 
Determining compilation order of HDL files
Analyzing Verilog file "/home/proton/Lab/Lab13/LEDP2S_sim/Adder1b.vf" into library work
Analyzing Verilog file "/home/proton/Lab/Lab13/LEDP2S_sim/AddSub1b.vf" into library work
Analyzing Verilog file "/home/proton/Lab/Lab13/LEDP2S_sim/AddSub4b.vf" into library work
Analyzing Verilog file "/home/proton/Lab/Lab13/LEDP2S_sim/../../Lab12/MyRegCounter/MyRegister4b.v" into library work
Analyzing Verilog file "/home/proton/Lab/Lab13/LEDP2S_sim/../../Lab12/MyRegCounter/Load_Gen.v" into library work
Analyzing Verilog file "/home/proton/Lab/Lab13/LEDP2S_sim/../../Lab12/MyRegCounter/clkdiv.v" into library work
Analyzing Verilog file "/home/proton/Lab/Lab13/LEDP2S_sim/SR_LATCH.vf" into library work
Analyzing Verilog file "/home/proton/Lab/Lab13/LEDP2S_sim/SLReg9b.v" into library work
Analyzing Verilog file "/home/proton/Lab/Lab13/LEDP2S_sim/Regtrans4b.v" into library work
Analyzing Verilog file "/home/proton/Lab/Lab13/LEDP2S_sim/LED.v" into library work
Analyzing Verilog file "/home/proton/Lab/Lab13/LEDP2S_sim/LED_DRV.v" into library work
Analyzing Verilog file "/home/proton/Lab/Lab13/LEDP2S_sim/LED_DRV_sim.v" into library work
Analyzing Verilog file "/opt/Xilinx/14.7/ISE_DS/ISE//verilog/src/glbl.v" into library work
Starting static elaboration
WARNING:HDLCompiler:1016 - "/home/proton/Lab/Lab13/LEDP2S_sim/LED_DRV.v" Line 32: Port clk_1ms is not connected to this instance
WARNING:HDLCompiler:1016 - "/home/proton/Lab/Lab13/LEDP2S_sim/Regtrans4b.v" Line 39: Port clk_1ms is not connected to this instance
WARNING:HDLCompiler:1016 - "/home/proton/Lab/Lab13/LEDP2S_sim/Regtrans4b.v" Line 44: Port C0 is not connected to this instance
Completed static elaboration
Fuse Memory Usage: 82980 KB
Fuse CPU Usage: 770 ms
Compiling module MyRegister4b
Compiling module Load_Gen
Compiling module clkdiv
Compiling module XOR2
Compiling module AND2
Compiling module OR3
Compiling module Adder1b_MUSER_AddSub4b
Compiling module AddSub1b_MUSER_AddSub4b
Compiling module AddSub4b
Compiling module Regtrans4b
Compiling module FD
Compiling module SLReg9b
Compiling module NOR2
Compiling module SR_LATCH
Compiling module LED
Compiling module LED_DRV
Compiling module LED_DRV_sim
Compiling module glbl
Time Resolution for simulation is 1ps.
Waiting for 1 sub-compilation(s) to finish...
Compiled 18 Verilog Units
Built simulation executable /home/proton/Lab/Lab13/LEDP2S_sim/LED_DRV_sim_isim_beh.exe
Fuse Memory Usage: 2740372 KB
Fuse CPU Usage: 800 ms
GCC CPU Usage: 620 ms
