Running: /opt/Xilinx/14.7/ISE_DS/ISE/bin/lin64/unwrapped/fuse -intstyle ise -incremental -lib unisims_ver -lib unimacro_ver -lib xilinxcorelib_ver -lib secureip -o /home/proton/Xilinx_ISE_DS_Lin_14.7_1015_1/Lab/Lab11/myRevCounter/RevCounter_sim_isim_beh.exe -prj /home/proton/Xilinx_ISE_DS_Lin_14.7_1015_1/Lab/Lab11/myRevCounter/RevCounter_sim_beh.prj work.RevCounter_sim work.glbl 
ISim P.20131013 (signature 0xfbc00daa)
Number of CPUs detected in this system: 20
Turning on mult-threading, number of parallel sub-compilation jobs: 40 
Determining compilation order of HDL files
Analyzing Verilog file "/home/proton/Xilinx_ISE_DS_Lin_14.7_1015_1/Lab/Lab11/myRevCounter/RevCounter.v" into library work
Analyzing Verilog file "/home/proton/Xilinx_ISE_DS_Lin_14.7_1015_1/Lab/Lab11/myRevCounter/RevCounter_sim.v" into library work
Analyzing Verilog file "/opt/Xilinx/14.7/ISE_DS/ISE//verilog/src/glbl.v" into library work
Starting static elaboration
Completed static elaboration
Fuse Memory Usage: 82684 KB
Fuse CPU Usage: 1180 ms
Compiling module RevCounter
Compiling module RevCounter_sim
Compiling module glbl
Time Resolution for simulation is 1ps.
Waiting for 2 sub-compilation(s) to finish...
Compiled 3 Verilog Units
Built simulation executable /home/proton/Xilinx_ISE_DS_Lin_14.7_1015_1/Lab/Lab11/myRevCounter/RevCounter_sim_isim_beh.exe
Fuse Memory Usage: 2740040 KB
Fuse CPU Usage: 1180 ms
GCC CPU Usage: 260 ms
