--------------------------------------------------------------------------------
Release 14.7 Trace  (lin64)
Copyright (c) 1995-2013 Xilinx, Inc.  All rights reserved.

/opt/Xilinx/14.7/ISE_DS/ISE/bin/lin64/unwrapped/trce -intstyle ise -v 3 -s 1 -n
3 -fastpaths -xml Top.twx Top.ncd -o Top.twr Top.pcf -ucf K7.ucf

Design file:              Top.ncd
Physical constraint file: Top.pcf
Device,package,speed:     xc7k160t,fbg676,C,-1 (PRODUCTION 1.10 2013-10-13)
Report level:             verbose report

Environment Variable      Effect 
--------------------      ------ 
NONE                      No environment variables were set
--------------------------------------------------------------------------------

INFO:Timing:2698 - No timing constraints found, doing default enumeration.
INFO:Timing:3412 - To improve timing, see the Timing Closure User Guide (UG612).
INFO:Timing:2752 - To get complete path coverage, use the unconstrained paths 
   option. All paths that are not constrained will be reported in the 
   unconstrained paths section(s) of the report.
INFO:Timing:3339 - The clock-to-out numbers in this timing report are based on 
   a 50 Ohm transmission line loading model.  For the details of this model, 
   and for more information on accounting for different loading conditions, 
   please see the device datasheet.



Data Sheet report:
-----------------
All values displayed in nanoseconds (ns)

Clock clk to Pad
------------+-----------------+------------+-----------------+------------+------------------+--------+
            |Max (slowest) clk|  Process   |Min (fastest) clk|  Process   |                  | Clock  |
Destination |  (edge) to PAD  |   Corner   |  (edge) to PAD  |   Corner   |Internal Clock(s) | Phase  |
------------+-----------------+------------+-----------------+------------+------------------+--------+
AN<0>       |        11.377(R)|      SLOW  |         4.250(R)|      FAST  |clk_BUFGP         |   0.000|
AN<1>       |        11.535(R)|      SLOW  |         4.289(R)|      FAST  |clk_BUFGP         |   0.000|
AN<2>       |        11.514(R)|      SLOW  |         4.256(R)|      FAST  |clk_BUFGP         |   0.000|
AN<3>       |        11.634(R)|      SLOW  |         4.298(R)|      FAST  |clk_BUFGP         |   0.000|
SEGMENT<0>  |        14.344(R)|      SLOW  |         4.861(R)|      FAST  |clk_BUFGP         |   0.000|
SEGMENT<1>  |        14.109(R)|      SLOW  |         4.661(R)|      FAST  |clk_BUFGP         |   0.000|
SEGMENT<2>  |        13.841(R)|      SLOW  |         4.611(R)|      FAST  |clk_BUFGP         |   0.000|
SEGMENT<3>  |        14.264(R)|      SLOW  |         4.616(R)|      FAST  |clk_BUFGP         |   0.000|
SEGMENT<4>  |        13.395(R)|      SLOW  |         4.504(R)|      FAST  |clk_BUFGP         |   0.000|
SEGMENT<5>  |        13.854(R)|      SLOW  |         4.612(R)|      FAST  |clk_BUFGP         |   0.000|
SEGMENT<6>  |        13.665(R)|      SLOW  |         4.630(R)|      FAST  |clk_BUFGP         |   0.000|
------------+-----------------+------------+-----------------+------------+------------------+--------+

Clock to Setup on destination clock clk
---------------+---------+---------+---------+---------+
               | Src:Rise| Src:Fall| Src:Rise| Src:Fall|
Source Clock   |Dest:Rise|Dest:Rise|Dest:Fall|Dest:Fall|
---------------+---------+---------+---------+---------+
clk            |    2.721|         |         |         |
---------------+---------+---------+---------+---------+

Pad to Pad
---------------+---------------+---------+
Source Pad     |Destination Pad|  Delay  |
---------------+---------------+---------+
S              |LED            |    9.560|
---------------+---------------+---------+


Analysis completed Wed Nov 22 22:13:47 2023 
--------------------------------------------------------------------------------

Trace Settings:
-------------------------
Trace Settings 

Peak Memory Usage: 859 MB



