Release 14.7 Map P.20131013 (lin64)
Xilinx Mapping Report File for Design 'Top'

Design Information
------------------
Command Line   : map -intstyle ise -p xc7k160t-ffg676-1 -w -logic_opt off -ol
high -t 1 -xt 0 -register_duplication off -r 4 -mt off -ir off -pr off -lc off
-power off -o Top_map.ncd Top.ngd Top.pcf 
Target Device  : xc7k160t
Target Package : ffg676
Target Speed   : -1
Mapper Version : kintex7 -- $Revision: 1.55 $
Mapped Date    : Thu Jan  4 16:27:18 2024

Design Summary
--------------
Number of errors:      0
Number of warnings:    0
Slice Logic Utilization:
  Number of Slice Registers:                   240 out of 202,800    1%
    Number used as Flip Flops:                 240
    Number used as Latches:                      0
    Number used as Latch-thrus:                  0
    Number used as AND/OR logics:                0
  Number of Slice LUTs:                        449 out of 101,400    1%
    Number used as logic:                      441 out of 101,400    1%
      Number using O6 output only:             300
      Number using O5 output only:              57
      Number using O5 and O6:                   84
      Number used as ROM:                        0
    Number used as Memory:                       1 out of  35,000    1%
      Number used as Dual Port RAM:              0
      Number used as Single Port RAM:            0
      Number used as Shift Register:             1
        Number using O6 output only:             1
        Number using O5 output only:             0
        Number using O5 and O6:                  0
    Number used exclusively as route-thrus:      7
      Number with same-slice register load:      3
      Number with same-slice carry load:         4
      Number with other load:                    0

Slice Logic Distribution:
  Number of occupied Slices:                   164 out of  25,350    1%
  Number of LUT Flip Flop pairs used:          455
    Number with an unused Flip Flop:           246 out of     455   54%
    Number with an unused LUT:                   6 out of     455    1%
    Number of fully used LUT-FF pairs:         203 out of     455   44%
    Number of unique control sets:              22
    Number of slice register sites lost
      to control set restrictions:              95 out of 202,800    1%

  A LUT Flip Flop pair for this architecture represents one LUT paired with
  one Flip Flop within a slice.  A control set is a unique combination of
  clock, reset, set, and enable signals for a registered element.
  The Slice Logic Distribution report is not meaningful if the design is
  over-mapped for a non-slice resource or if Placement fails.
  OVERMAPPING of BRAM resources should be ignored if the design is
  over-mapped for a non-BRAM resource or if placement fails.

IO Utilization:
  Number of bonded IOBs:                        39 out of     400    9%
    Number of LOCed IOBs:                       39 out of      39  100%

Specific Feature Utilization:
  Number of RAMB36E1/FIFO36E1s:                  0 out of     325    0%
  Number of RAMB18E1/FIFO18E1s:                  0 out of     650    0%
  Number of BUFG/BUFGCTRLs:                      5 out of      32   15%
    Number used as BUFGs:                        5
    Number used as BUFGCTRLs:                    0
  Number of IDELAYE2/IDELAYE2_FINEDELAYs:        0 out of     400    0%
  Number of ILOGICE2/ILOGICE3/ISERDESE2s:        0 out of     400    0%
  Number of ODELAYE2/ODELAYE2_FINEDELAYs:        0 out of     150    0%
  Number of OLOGICE2/OLOGICE3/OSERDESE2s:        0 out of     400    0%
  Number of PHASER_IN/PHASER_IN_PHYs:            0 out of      32    0%
  Number of PHASER_OUT/PHASER_OUT_PHYs:          0 out of      32    0%
  Number of BSCANs:                              0 out of       4    0%
  Number of BUFHCEs:                             0 out of     120    0%
  Number of BUFRs:                               0 out of      32    0%
  Number of CAPTUREs:                            0 out of       1    0%
  Number of DNA_PORTs:                           0 out of       1    0%
  Number of DSP48E1s:                            2 out of     600    1%
  Number of EFUSE_USRs:                          0 out of       1    0%
  Number of FRAME_ECCs:                          0 out of       1    0%
  Number of GTXE2_CHANNELs:                      0 out of       8    0%
  Number of GTXE2_COMMONs:                       0 out of       2    0%
  Number of IBUFDS_GTE2s:                        0 out of       4    0%
  Number of ICAPs:                               0 out of       2    0%
  Number of IDELAYCTRLs:                         0 out of       8    0%
  Number of IN_FIFOs:                            0 out of      32    0%
  Number of MMCME2_ADVs:                         0 out of       8    0%
  Number of OUT_FIFOs:                           0 out of      32    0%
  Number of PCIE_2_1s:                           0 out of       1    0%
  Number of PHASER_REFs:                         0 out of       8    0%
  Number of PHY_CONTROLs:                        0 out of       8    0%
  Number of PLLE2_ADVs:                          0 out of       8    0%
  Number of STARTUPs:                            0 out of       1    0%
  Number of XADCs:                               0 out of       1    0%

Average Fanout of Non-Clock Nets:                3.48

Peak Memory Usage:  1334 MB
Total REAL time to MAP completion:  20 secs 
Total CPU time to MAP completion:   20 secs 

Table of Contents
-----------------
Section 1 - Errors
Section 2 - Warnings
Section 3 - Informational
Section 4 - Removed Logic Summary
Section 5 - Removed Logic
Section 6 - IOB Properties
Section 7 - RPMs
Section 8 - Guide Report
Section 9 - Area Group and Partition Summary
Section 10 - Timing Report
Section 11 - Configuration String Information
Section 12 - Control Set Information
Section 13 - Utilization by Hierarchy

Section 1 - Errors
------------------

Section 2 - Warnings
--------------------

Section 3 - Informational
-------------------------
INFO:LIT:243 - Logical network rst_IBUF has no load.
INFO:Pack:1716 - Initializing temperature to 85.000 Celsius. (default - Range:
   0.000 to 85.000 Celsius)
INFO:Pack:1720 - Initializing voltage to 0.970 Volts. (default - Range: 0.970 to
   1.030 Volts)
INFO:Map:215 - The Interim Design Summary has been generated in the MAP Report
   (.mrp).
INFO:Pack:1650 - Map created a placed design.

Section 4 - Removed Logic Summary
---------------------------------
  13 block(s) removed
 107 block(s) optimized away
  13 signal(s) removed

Section 5 - Removed Logic
-------------------------

The trimmed logic reported below is either:
   1. part of a cycle
   2. part of disabled logic
   3. a side-effect of other trimmed logic

The signal "m1/XLXI_2/XLXI_4/XLXN_10" is unused and has been removed.
 Unused block "m1/XLXI_2/XLXI_4/XLXI_1" (AND) removed.
  The signal "m1/XLXI_2/XLXI_4/XLXN_9" is unused and has been removed.
   Unused block "m1/XLXI_2/XLXI_4/XLXI_3" (BUF) removed.
  The signal "m1/XLXI_2/XLXI_4/XLXN_8" is unused and has been removed.
   Unused block "m1/XLXI_2/XLXI_4/XLXI_2" (BUF) removed.
The signal "m1/XLXI_2/XLXI_4/XLXN_11" is unused and has been removed.
 Unused block "m1/XLXI_2/XLXI_4/XLXI_4" (AND) removed.
The signal "m1/XLXI_2/XLXI_4/XLXN_13" is unused and has been removed.
 Unused block "m1/XLXI_2/XLXI_4/XLXI_6" (AND) removed.
The signal "m1/XLXI_2/XLXI_4/XLXN_12" is unused and has been removed.
 Unused block "m1/XLXI_2/XLXI_4/XLXI_5" (AND) removed.
The signal "m1/XLXI_2/XLXI_3/XLXN_10" is unused and has been removed.
 Unused block "m1/XLXI_2/XLXI_3/XLXI_1" (AND) removed.
  The signal "m1/XLXI_2/XLXI_3/XLXN_9" is unused and has been removed.
   Unused block "m1/XLXI_2/XLXI_3/XLXI_3" (BUF) removed.
  The signal "m1/XLXI_2/XLXI_3/XLXN_8" is unused and has been removed.
   Unused block "m1/XLXI_2/XLXI_3/XLXI_2" (BUF) removed.
The signal "m1/XLXI_2/XLXI_3/XLXN_11" is unused and has been removed.
 Unused block "m1/XLXI_2/XLXI_3/XLXI_4" (AND) removed.
The signal "m1/XLXI_2/XLXI_3/XLXN_13" is unused and has been removed.
 Unused block "m1/XLXI_2/XLXI_3/XLXI_6" (AND) removed.
The signal "m1/XLXI_2/XLXI_3/XLXN_12" is unused and has been removed.
 Unused block "m1/XLXI_2/XLXI_3/XLXI_5" (AND) removed.
The signal "m1/XLXI_2/XLXI_2/XLXN_24" is unused and has been removed.
 Unused block "m1/XLXI_2/XLXI_2/XLXI_3" (AND) removed.

Optimized Block(s):
TYPE 		BLOCK
AND2 		m1/XLXI_2/XLXI_2/XLXI_13
AND2 		m1/XLXI_2/XLXI_2/XLXI_17
AND2 		m1/XLXI_2/XLXI_2/XLXI_21
AND2 		m1/XLXI_2/XLXI_2/XLXI_9
AND2 		m1/XLXI_2/XLXI_3/XLXI_10
OR4 		m1/XLXI_2/XLXI_3/XLXI_11
AND2 		m1/XLXI_2/XLXI_3/XLXI_7
AND2 		m1/XLXI_2/XLXI_3/XLXI_8
AND2 		m1/XLXI_2/XLXI_3/XLXI_9
AND2 		m1/XLXI_2/XLXI_4/XLXI_10
OR4 		m1/XLXI_2/XLXI_4/XLXI_11
AND2 		m1/XLXI_2/XLXI_4/XLXI_7
AND2 		m1/XLXI_2/XLXI_4/XLXI_8
AND2 		m1/XLXI_2/XLXI_4/XLXI_9
AND2 		m1/XLXI_2/XLXI_5/XLXI_12
AND2 		m1/XLXI_2/XLXI_5/XLXI_17
AND2 		m1/XLXI_2/XLXI_5/XLXI_22
AND2 		m1/XLXI_2/XLXI_5/XLXI_7
VCC 		m1/XLXI_2/XLXI_6
GND 		m1/XLXI_2/XLXI_7
INV 		m1/XLXI_3/XLXI_9
INV 		m2/m7/m0/XLXI_9
INV 		m2/m7/m1/XLXI_9
INV 		m2/m7/m2/XLXI_9
INV 		m2/m7/m3/XLXI_9
INV 		m2/m7/m4/XLXI_9
INV 		m2/m7/m5/XLXI_9
OR2 		m2/m7/m6/XLXI_1
OR3 		m2/m7/m6/XLXI_10
OR3 		m2/m7/m6/XLXI_11
OR3 		m2/m7/m6/XLXI_12
OR4 		m2/m7/m6/XLXI_13
OR4 		m2/m7/m6/XLXI_14
OR4 		m2/m7/m6/XLXI_15
OR4 		m2/m7/m6/XLXI_16
AND4 		m2/m7/m6/XLXI_17
AND4 		m2/m7/m6/XLXI_18
AND3 		m2/m7/m6/XLXI_19
OR2 		m2/m7/m6/XLXI_2
AND3 		m2/m7/m6/XLXI_20
AND3 		m2/m7/m6/XLXI_22
AND3 		m2/m7/m6/XLXI_23
AND3 		m2/m7/m6/XLXI_24
AND3 		m2/m7/m6/XLXI_25
AND2 		m2/m7/m6/XLXI_26
AND4 		m2/m7/m6/XLXI_27
AND3 		m2/m7/m6/XLXI_28
OR2 		m2/m7/m6/XLXI_3
AND3 		m2/m7/m6/XLXI_31
AND3 		m2/m7/m6/XLXI_32
AND3 		m2/m7/m6/XLXI_33
AND4 		m2/m7/m6/XLXI_34
AND4 		m2/m7/m6/XLXI_35
AND4 		m2/m7/m6/XLXI_36
AND4 		m2/m7/m6/XLXI_37
AND4 		m2/m7/m6/XLXI_38
OR2 		m2/m7/m6/XLXI_4
INV 		m2/m7/m6/XLXI_44
INV 		m2/m7/m6/XLXI_45
INV 		m2/m7/m6/XLXI_46
INV 		m2/m7/m6/XLXI_47
AND3 		m2/m7/m6/XLXI_49
OR2 		m2/m7/m6/XLXI_5
AND4 		m2/m7/m6/XLXI_50
OR2 		m2/m7/m6/XLXI_6
OR2 		m2/m7/m6/XLXI_7
INV 		m2/m7/m6/XLXI_9
OR2 		m2/m7/m7/XLXI_1
OR3 		m2/m7/m7/XLXI_10
OR3 		m2/m7/m7/XLXI_11
OR3 		m2/m7/m7/XLXI_12
OR4 		m2/m7/m7/XLXI_13
OR4 		m2/m7/m7/XLXI_14
OR4 		m2/m7/m7/XLXI_15
OR4 		m2/m7/m7/XLXI_16
AND4 		m2/m7/m7/XLXI_17
AND4 		m2/m7/m7/XLXI_18
AND3 		m2/m7/m7/XLXI_19
OR2 		m2/m7/m7/XLXI_2
AND3 		m2/m7/m7/XLXI_20
AND3 		m2/m7/m7/XLXI_22
AND3 		m2/m7/m7/XLXI_23
AND3 		m2/m7/m7/XLXI_24
AND3 		m2/m7/m7/XLXI_25
AND2 		m2/m7/m7/XLXI_26
AND4 		m2/m7/m7/XLXI_27
AND3 		m2/m7/m7/XLXI_28
OR2 		m2/m7/m7/XLXI_3
AND3 		m2/m7/m7/XLXI_31
AND3 		m2/m7/m7/XLXI_32
AND3 		m2/m7/m7/XLXI_33
AND4 		m2/m7/m7/XLXI_34
AND4 		m2/m7/m7/XLXI_35
AND4 		m2/m7/m7/XLXI_36
AND4 		m2/m7/m7/XLXI_37
AND4 		m2/m7/m7/XLXI_38
OR2 		m2/m7/m7/XLXI_4
INV 		m2/m7/m7/XLXI_44
INV 		m2/m7/m7/XLXI_45
INV 		m2/m7/m7/XLXI_46
INV 		m2/m7/m7/XLXI_47
AND3 		m2/m7/m7/XLXI_49
OR2 		m2/m7/m7/XLXI_5
AND4 		m2/m7/m7/XLXI_50
OR2 		m2/m7/m7/XLXI_6
OR2 		m2/m7/m7/XLXI_7
INV 		m2/m7/m7/XLXI_9

To enable printing of redundant blocks removed and signals merged, set the
detailed map report option and rerun map.

Section 6 - IOB Properties
--------------------------

+---------------------------------------------------------------------------------------------------------------------------------------------------------+
| IOB Name                           | Type             | Direction | IO Standard          | Diff  | Drive    | Slew | Reg (s)      | Resistor | IOB      |
|                                    |                  |           |                      | Term  | Strength | Rate |              |          | Delay    |
+---------------------------------------------------------------------------------------------------------------------------------------------------------+
| AN<0>                              | IOB33            | OUTPUT    | LVCMOS33             |       | 12       | SLOW |              |          |          |
| AN<1>                              | IOB33            | OUTPUT    | LVCMOS33             |       | 12       | SLOW |              |          |          |
| AN<2>                              | IOB33            | OUTPUT    | LVCMOS33             |       | 12       | SLOW |              |          |          |
| AN<3>                              | IOB33            | OUTPUT    | LVCMOS33             |       | 12       | SLOW |              |          |          |
| HSync                              | IOB33            | OUTPUT    | LVCMOS33             |       | 12       | FAST |              |          |          |
| OutBlue<0>                         | IOB33            | OUTPUT    | LVCMOS33             |       | 12       | FAST |              |          |          |
| OutBlue<1>                         | IOB33            | OUTPUT    | LVCMOS33             |       | 12       | FAST |              |          |          |
| OutBlue<2>                         | IOB33            | OUTPUT    | LVCMOS33             |       | 12       | FAST |              |          |          |
| OutBlue<3>                         | IOB33            | OUTPUT    | LVCMOS33             |       | 12       | FAST |              |          |          |
| OutGreen<0>                        | IOB33            | OUTPUT    | LVCMOS33             |       | 12       | FAST |              |          |          |
| OutGreen<1>                        | IOB33            | OUTPUT    | LVCMOS33             |       | 12       | FAST |              |          |          |
| OutGreen<2>                        | IOB33            | OUTPUT    | LVCMOS33             |       | 12       | FAST |              |          |          |
| OutGreen<3>                        | IOB33            | OUTPUT    | LVCMOS33             |       | 12       | FAST |              |          |          |
| OutRed<0>                          | IOB33            | OUTPUT    | LVCMOS33             |       | 12       | FAST |              |          |          |
| OutRed<1>                          | IOB33            | OUTPUT    | LVCMOS33             |       | 12       | FAST |              |          |          |
| OutRed<2>                          | IOB33            | OUTPUT    | LVCMOS33             |       | 12       | FAST |              |          |          |
| OutRed<3>                          | IOB33            | OUTPUT    | LVCMOS33             |       | 12       | FAST |              |          |          |
| PS2_clk                            | IOB33            | INPUT     | LVCMOS33             |       |          |      |              |          |          |
| PS2_data                           | IOB33            | INPUT     | LVCMOS33             |       |          |      |              |          |          |
| SEG_CLK                            | IOB33            | OUTPUT    | LVCMOS33             |       | 12       | SLOW |              |          |          |
| SEG_CLR                            | IOB33            | OUTPUT    | LVCMOS33             |       | 12       | SLOW |              |          |          |
| SEG_DT                             | IOB33            | OUTPUT    | LVCMOS33             |       | 12       | SLOW |              |          |          |
| SEG_EN                             | IOB33            | OUTPUT    | LVCMOS33             |       | 12       | SLOW |              |          |          |
| SW                                 | IOB              | INPUT     | LVCMOS15             |       |          |      |              |          |          |
| Segment<0>                         | IOB33            | OUTPUT    | LVCMOS33             |       | 12       | SLOW |              |          |          |
| Segment<1>                         | IOB33            | OUTPUT    | LVCMOS33             |       | 12       | SLOW |              |          |          |
| Segment<2>                         | IOB33            | OUTPUT    | LVCMOS33             |       | 12       | SLOW |              |          |          |
| Segment<3>                         | IOB33            | OUTPUT    | LVCMOS33             |       | 12       | SLOW |              |          |          |
| Segment<4>                         | IOB33            | OUTPUT    | LVCMOS33             |       | 12       | SLOW |              |          |          |
| Segment<5>                         | IOB33            | OUTPUT    | LVCMOS33             |       | 12       | SLOW |              |          |          |
| Segment<6>                         | IOB33            | OUTPUT    | LVCMOS33             |       | 12       | SLOW |              |          |          |
| Segment<7>                         | IOB33            | OUTPUT    | LVCMOS33             |       | 12       | SLOW |              |          |          |
| VSync                              | IOB33            | OUTPUT    | LVCMOS33             |       | 12       | FAST |              |          |          |
| bar_move_speed<0>                  | IOB              | INPUT     | LVCMOS15             |       |          |      |              |          |          |
| bar_move_speed<1>                  | IOB              | INPUT     | LVCMOS15             |       |          |      |              |          |          |
| bar_move_speed<2>                  | IOB              | INPUT     | LVCMOS15             |       |          |      |              |          |          |
| bar_move_speed<3>                  | IOB              | INPUT     | LVCMOS15             |       |          |      |              |          |          |
| clk                                | IOB              | INPUT     | LVCMOS18             |       |          |      |              |          |          |
| rst                                | IOB              | INPUT     | LVCMOS18             |       |          |      |              |          |          |
+---------------------------------------------------------------------------------------------------------------------------------------------------------+

Section 7 - RPMs
----------------

Section 8 - Guide Report
------------------------
Guide not run on this design.

Section 9 - Area Group and Partition Summary
--------------------------------------------

Partition Implementation Status
-------------------------------

  No Partitions were found in this design.

-------------------------------

Area Group Information
----------------------

  No area groups were found in this design.

----------------------

Section 10 - Timing Report
--------------------------
A logic-level (pre-route) timing report can be generated by using Xilinx static
timing analysis tools, Timing Analyzer (GUI) or TRCE (command line), with the
mapped NCD and PCF files. Please note that this timing report will be generated
using estimated delay information. For accurate numbers, please generate a
timing report with the post Place and Route NCD file.

For more information about the Timing Analyzer, consult the Xilinx Timing
Analyzer Reference Manual; for more information about TRCE, consult the Xilinx
Command Line Tools User Guide "TRACE" chapter.

Section 11 - Configuration String Details
-----------------------------------------
Use the "-detail" map option to print out Configuration Strings

Section 12 - Control Set Information
------------------------------------
Use the "-detail" map option to print out Control Set Information.

Section 13 - Utilization by Hierarchy
-------------------------------------
Use the "-detail" map option to print out the Utilization by Hierarchy section.
