--------------------------------------------------------------------------------
Release 14.7 Trace  (lin64)
Copyright (c) 1995-2013 Xilinx, Inc.  All rights reserved.

/opt/Xilinx/14.7/ISE_DS/ISE/bin/lin64/unwrapped/trce -intstyle ise -v 3 -s 1 -n
3 -fastpaths -xml Top.twx Top.ncd -o Top.twr Top.pcf -ucf K7.ucf

Design file:              Top.ncd
Physical constraint file: Top.pcf
Device,package,speed:     xc7k160t,fbg676,C,-1 (PRODUCTION 1.10 2013-10-13)
Report level:             verbose report

Environment Variable      Effect 
--------------------      ------ 
NONE                      No environment variables were set
--------------------------------------------------------------------------------

INFO:Timing:2698 - No timing constraints found, doing default enumeration.
INFO:Timing:3412 - To improve timing, see the Timing Closure User Guide (UG612).
INFO:Timing:2752 - To get complete path coverage, use the unconstrained paths 
   option. All paths that are not constrained will be reported in the 
   unconstrained paths section(s) of the report.
INFO:Timing:3339 - The clock-to-out numbers in this timing report are based on 
   a 50 Ohm transmission line loading model.  For the details of this model, 
   and for more information on accounting for different loading conditions, 
   please see the device datasheet.



Data Sheet report:
-----------------
All values displayed in nanoseconds (ns)

Clock clk to Pad
------------+-----------------+------------+-----------------+------------+------------------+--------+
            |Max (slowest) clk|  Process   |Min (fastest) clk|  Process   |                  | Clock  |
Destination |  (edge) to PAD  |   Corner   |  (edge) to PAD  |   Corner   |Internal Clock(s) | Phase  |
------------+-----------------+------------+-----------------+------------+------------------+--------+
AN<0>       |        10.660(R)|      SLOW  |         3.947(R)|      FAST  |clk_BUFGP         |   0.000|
AN<1>       |        10.758(R)|      SLOW  |         3.971(R)|      FAST  |clk_BUFGP         |   0.000|
AN<2>       |        10.853(R)|      SLOW  |         3.997(R)|      FAST  |clk_BUFGP         |   0.000|
AN<3>       |        10.875(R)|      SLOW  |         4.011(R)|      FAST  |clk_BUFGP         |   0.000|
SEGMENT<0>  |        13.030(R)|      SLOW  |         4.520(R)|      FAST  |clk_BUFGP         |   0.000|
SEGMENT<1>  |        12.881(R)|      SLOW  |         4.394(R)|      FAST  |clk_BUFGP         |   0.000|
SEGMENT<2>  |        12.718(R)|      SLOW  |         4.210(R)|      FAST  |clk_BUFGP         |   0.000|
SEGMENT<3>  |        13.037(R)|      SLOW  |         4.317(R)|      FAST  |clk_BUFGP         |   0.000|
SEGMENT<4>  |        12.328(R)|      SLOW  |         4.325(R)|      FAST  |clk_BUFGP         |   0.000|
SEGMENT<5>  |        12.592(R)|      SLOW  |         4.259(R)|      FAST  |clk_BUFGP         |   0.000|
SEGMENT<6>  |        12.214(R)|      SLOW  |         4.309(R)|      FAST  |clk_BUFGP         |   0.000|
------------+-----------------+------------+-----------------+------------+------------------+--------+

Clock to Setup on destination clock clk
---------------+---------+---------+---------+---------+
               | Src:Rise| Src:Fall| Src:Rise| Src:Fall|
Source Clock   |Dest:Rise|Dest:Rise|Dest:Fall|Dest:Fall|
---------------+---------+---------+---------+---------+
clk            |    2.508|         |         |         |
---------------+---------+---------+---------+---------+


Analysis completed Wed Nov 22 22:06:23 2023 
--------------------------------------------------------------------------------

Trace Settings:
-------------------------
Trace Settings 

Peak Memory Usage: 859 MB



