--------------------------------------------------------------------------------
Release 14.7 Trace  (lin64)
Copyright (c) 1995-2013 Xilinx, Inc.  All rights reserved.

/opt/Xilinx/14.7/ISE_DS/ISE/bin/lin64/unwrapped/trce -intstyle ise -v 3 -s 1 -n
3 -fastpaths -xml top.twx top.ncd -o top.twr top.pcf -ucf K7.ucf

Design file:              top.ncd
Physical constraint file: top.pcf
Device,package,speed:     xc7k160t,ffg676,C,-1 (PRODUCTION 1.10 2013-10-13)
Report level:             verbose report

Environment Variable      Effect 
--------------------      ------ 
NONE                      No environment variables were set
--------------------------------------------------------------------------------

INFO:Timing:2698 - No timing constraints found, doing default enumeration.
INFO:Timing:3412 - To improve timing, see the Timing Closure User Guide (UG612).
INFO:Timing:2752 - To get complete path coverage, use the unconstrained paths 
   option. All paths that are not constrained will be reported in the 
   unconstrained paths section(s) of the report.
INFO:Timing:3339 - The clock-to-out numbers in this timing report are based on 
   a 50 Ohm transmission line loading model.  For the details of this model, 
   and for more information on accounting for different loading conditions, 
   please see the device datasheet.



Data Sheet report:
-----------------
All values displayed in nanoseconds (ns)

Clock btn<0> to Pad
------------+-----------------+------------+-----------------+------------+------------------+--------+
            |Max (slowest) clk|  Process   |Min (fastest) clk|  Process   |                  | Clock  |
Destination |  (edge) to PAD  |   Corner   |  (edge) to PAD  |   Corner   |Internal Clock(s) | Phase  |
------------+-----------------+------------+-----------------+------------+------------------+--------+
SEGMENT<0>  |        14.592(R)|      SLOW  |         5.328(R)|      FAST  |btn_0_BUFGP       |   0.000|
SEGMENT<1>  |        14.185(R)|      SLOW  |         5.219(R)|      FAST  |btn_0_BUFGP       |   0.000|
SEGMENT<2>  |        14.297(R)|      SLOW  |         5.200(R)|      FAST  |btn_0_BUFGP       |   0.000|
SEGMENT<3>  |        14.754(R)|      SLOW  |         5.337(R)|      FAST  |btn_0_BUFGP       |   0.000|
SEGMENT<4>  |        13.437(R)|      SLOW  |         5.135(R)|      FAST  |btn_0_BUFGP       |   0.000|
SEGMENT<5>  |        13.976(R)|      SLOW  |         5.210(R)|      FAST  |btn_0_BUFGP       |   0.000|
SEGMENT<6>  |        13.324(R)|      SLOW  |         5.147(R)|      FAST  |btn_0_BUFGP       |   0.000|
------------+-----------------+------------+-----------------+------------+------------------+--------+

Clock btn<1> to Pad
------------+-----------------+------------+-----------------+------------+------------------+--------+
            |Max (slowest) clk|  Process   |Min (fastest) clk|  Process   |                  | Clock  |
Destination |  (edge) to PAD  |   Corner   |  (edge) to PAD  |   Corner   |Internal Clock(s) | Phase  |
------------+-----------------+------------+-----------------+------------+------------------+--------+
SEGMENT<0>  |        14.509(R)|      SLOW  |         5.315(R)|      FAST  |btn_1_BUFGP       |   0.000|
SEGMENT<1>  |        14.316(R)|      SLOW  |         5.274(R)|      FAST  |btn_1_BUFGP       |   0.000|
SEGMENT<2>  |        14.428(R)|      SLOW  |         5.255(R)|      FAST  |btn_1_BUFGP       |   0.000|
SEGMENT<3>  |        14.695(R)|      SLOW  |         5.342(R)|      FAST  |btn_1_BUFGP       |   0.000|
SEGMENT<4>  |        13.533(R)|      SLOW  |         5.085(R)|      FAST  |btn_1_BUFGP       |   0.000|
SEGMENT<5>  |        13.893(R)|      SLOW  |         5.223(R)|      FAST  |btn_1_BUFGP       |   0.000|
SEGMENT<6>  |        13.408(R)|      SLOW  |         5.049(R)|      FAST  |btn_1_BUFGP       |   0.000|
------------+-----------------+------------+-----------------+------------+------------------+--------+

Clock btn<2> to Pad
------------+-----------------+------------+-----------------+------------+------------------+--------+
            |Max (slowest) clk|  Process   |Min (fastest) clk|  Process   |                  | Clock  |
Destination |  (edge) to PAD  |   Corner   |  (edge) to PAD  |   Corner   |Internal Clock(s) | Phase  |
------------+-----------------+------------+-----------------+------------+------------------+--------+
SEGMENT<0>  |        15.281(R)|      SLOW  |         5.648(R)|      FAST  |btn_2_BUFGP       |   0.000|
SEGMENT<1>  |        14.859(R)|      SLOW  |         5.539(R)|      FAST  |btn_2_BUFGP       |   0.000|
SEGMENT<2>  |        14.971(R)|      SLOW  |         5.520(R)|      FAST  |btn_2_BUFGP       |   0.000|
SEGMENT<3>  |        15.301(R)|      SLOW  |         5.643(R)|      FAST  |btn_2_BUFGP       |   0.000|
SEGMENT<4>  |        14.126(R)|      SLOW  |         5.405(R)|      FAST  |btn_2_BUFGP       |   0.000|
SEGMENT<5>  |        14.665(R)|      SLOW  |         5.530(R)|      FAST  |btn_2_BUFGP       |   0.000|
SEGMENT<6>  |        14.013(R)|      SLOW  |         5.386(R)|      FAST  |btn_2_BUFGP       |   0.000|
------------+-----------------+------------+-----------------+------------+------------------+--------+

Clock btn<3> to Pad
------------+-----------------+------------+-----------------+------------+------------------+--------+
            |Max (slowest) clk|  Process   |Min (fastest) clk|  Process   |                  | Clock  |
Destination |  (edge) to PAD  |   Corner   |  (edge) to PAD  |   Corner   |Internal Clock(s) | Phase  |
------------+-----------------+------------+-----------------+------------+------------------+--------+
SEGMENT<0>  |        15.361(R)|      SLOW  |         5.746(R)|      FAST  |btn_3_BUFGP       |   0.000|
SEGMENT<1>  |        15.084(R)|      SLOW  |         5.642(R)|      FAST  |btn_3_BUFGP       |   0.000|
SEGMENT<2>  |        15.196(R)|      SLOW  |         5.562(R)|      FAST  |btn_3_BUFGP       |   0.000|
SEGMENT<3>  |        15.463(R)|      SLOW  |         5.687(R)|      FAST  |btn_3_BUFGP       |   0.000|
SEGMENT<4>  |        14.357(R)|      SLOW  |         5.376(R)|      FAST  |btn_3_BUFGP       |   0.000|
SEGMENT<5>  |        14.745(R)|      SLOW  |         5.514(R)|      FAST  |btn_3_BUFGP       |   0.000|
SEGMENT<6>  |        14.232(R)|      SLOW  |         5.340(R)|      FAST  |btn_3_BUFGP       |   0.000|
------------+-----------------+------------+-----------------+------------+------------------+--------+

Clock clk to Pad
------------+-----------------+------------+-----------------+------------+------------------+--------+
            |Max (slowest) clk|  Process   |Min (fastest) clk|  Process   |                  | Clock  |
Destination |  (edge) to PAD  |   Corner   |  (edge) to PAD  |   Corner   |Internal Clock(s) | Phase  |
------------+-----------------+------------+-----------------+------------+------------------+--------+
AN<0>       |        12.201(R)|      SLOW  |         4.599(R)|      FAST  |clk_BUFGP         |   0.000|
AN<1>       |        12.205(R)|      SLOW  |         4.582(R)|      FAST  |clk_BUFGP         |   0.000|
AN<2>       |        11.944(R)|      SLOW  |         4.534(R)|      FAST  |clk_BUFGP         |   0.000|
AN<3>       |        12.043(R)|      SLOW  |         4.568(R)|      FAST  |clk_BUFGP         |   0.000|
SEGMENT<0>  |        16.425(R)|      SLOW  |         5.016(R)|      FAST  |clk_BUFGP         |   0.000|
SEGMENT<1>  |        16.598(R)|      SLOW  |         4.990(R)|      FAST  |clk_BUFGP         |   0.000|
SEGMENT<2>  |        16.442(R)|      SLOW  |         4.937(R)|      FAST  |clk_BUFGP         |   0.000|
SEGMENT<3>  |        16.543(R)|      SLOW  |         5.043(R)|      FAST  |clk_BUFGP         |   0.000|
SEGMENT<4>  |        16.292(R)|      SLOW  |         4.751(R)|      FAST  |clk_BUFGP         |   0.000|
SEGMENT<5>  |        16.433(R)|      SLOW  |         4.889(R)|      FAST  |clk_BUFGP         |   0.000|
SEGMENT<6>  |        16.470(R)|      SLOW  |         4.715(R)|      FAST  |clk_BUFGP         |   0.000|
SEGMENT<7>  |        15.911(R)|      SLOW  |         6.188(R)|      FAST  |clk_BUFGP         |   0.000|
------------+-----------------+------------+-----------------+------------+------------------+--------+

Clock to Setup on destination clock btn<0>
---------------+---------+---------+---------+---------+
               | Src:Rise| Src:Fall| Src:Rise| Src:Fall|
Source Clock   |Dest:Rise|Dest:Rise|Dest:Fall|Dest:Fall|
---------------+---------+---------+---------+---------+
btn<0>         |    0.809|         |         |         |
---------------+---------+---------+---------+---------+

Clock to Setup on destination clock btn<1>
---------------+---------+---------+---------+---------+
               | Src:Rise| Src:Fall| Src:Rise| Src:Fall|
Source Clock   |Dest:Rise|Dest:Rise|Dest:Fall|Dest:Fall|
---------------+---------+---------+---------+---------+
btn<1>         |    0.802|         |         |         |
---------------+---------+---------+---------+---------+

Clock to Setup on destination clock btn<2>
---------------+---------+---------+---------+---------+
               | Src:Rise| Src:Fall| Src:Rise| Src:Fall|
Source Clock   |Dest:Rise|Dest:Rise|Dest:Fall|Dest:Fall|
---------------+---------+---------+---------+---------+
btn<2>         |    0.821|         |         |         |
---------------+---------+---------+---------+---------+

Clock to Setup on destination clock btn<3>
---------------+---------+---------+---------+---------+
               | Src:Rise| Src:Fall| Src:Rise| Src:Fall|
Source Clock   |Dest:Rise|Dest:Rise|Dest:Fall|Dest:Fall|
---------------+---------+---------+---------+---------+
btn<3>         |    0.802|         |         |         |
---------------+---------+---------+---------+---------+

Clock to Setup on destination clock clk
---------------+---------+---------+---------+---------+
               | Src:Rise| Src:Fall| Src:Rise| Src:Fall|
Source Clock   |Dest:Rise|Dest:Rise|Dest:Fall|Dest:Fall|
---------------+---------+---------+---------+---------+
clk            |    1.372|         |         |         |
---------------+---------+---------+---------+---------+

Pad to Pad
---------------+---------------+---------+
Source Pad     |Destination Pad|  Delay  |
---------------+---------------+---------+
SW<0>          |SEGMENT<7>     |    8.948|
SW<1>          |SEGMENT<7>     |    9.006|
SW<2>          |SEGMENT<7>     |    9.078|
SW<3>          |SEGMENT<7>     |    9.099|
SW<4>          |SEGMENT<0>     |   10.247|
SW<4>          |SEGMENT<1>     |   10.420|
SW<4>          |SEGMENT<2>     |   10.264|
SW<4>          |SEGMENT<3>     |   10.365|
SW<4>          |SEGMENT<4>     |   10.114|
SW<4>          |SEGMENT<5>     |   10.255|
SW<4>          |SEGMENT<6>     |   10.292|
SW<5>          |SEGMENT<0>     |   10.224|
SW<5>          |SEGMENT<1>     |   10.397|
SW<5>          |SEGMENT<2>     |   10.241|
SW<5>          |SEGMENT<3>     |   10.342|
SW<5>          |SEGMENT<4>     |   10.091|
SW<5>          |SEGMENT<5>     |   10.232|
SW<5>          |SEGMENT<6>     |   10.269|
SW<6>          |SEGMENT<0>     |    9.883|
SW<6>          |SEGMENT<1>     |   10.056|
SW<6>          |SEGMENT<2>     |    9.900|
SW<6>          |SEGMENT<3>     |   10.001|
SW<6>          |SEGMENT<4>     |    9.750|
SW<6>          |SEGMENT<5>     |    9.891|
SW<6>          |SEGMENT<6>     |    9.928|
SW<7>          |SEGMENT<0>     |   10.050|
SW<7>          |SEGMENT<1>     |   10.223|
SW<7>          |SEGMENT<2>     |   10.067|
SW<7>          |SEGMENT<3>     |   10.168|
SW<7>          |SEGMENT<4>     |    9.917|
SW<7>          |SEGMENT<5>     |   10.058|
SW<7>          |SEGMENT<6>     |   10.095|
---------------+---------------+---------+


Analysis completed Wed Nov  1 12:16:33 2023 
--------------------------------------------------------------------------------

Trace Settings:
-------------------------
Trace Settings 

Peak Memory Usage: 860 MB



