Running: /opt/Xilinx/14.7/ISE_DS/ISE/bin/lin64/unwrapped/fuse -intstyle ise -incremental -lib unisims_ver -lib unimacro_ver -lib xilinxcorelib_ver -lib secureip -o /home/zjdxzn/lab13/SEGP2S_sim/SEGP2S_sim2_isim_beh.exe -prj /home/zjdxzn/lab13/SEGP2S_sim/SEGP2S_sim2_beh.prj work.SEGP2S_sim2 work.glbl 
ISim P.20131013 (signature 0xfbc00daa)
Number of CPUs detected in this system: 20
Turning on mult-threading, number of parallel sub-compilation jobs: 40 
Determining compilation order of HDL files
Analyzing Verilog file "/home/zjdxzn/lab13/SEGP2S_sim/Adder1b.vf" into library work
Analyzing Verilog file "/home/zjdxzn/lab13/SEGP2S_sim/AddSub1b.vf" into library work
Analyzing Verilog file "/home/zjdxzn/lab13/SEGP2S_sim/../../lab7/DispNum/clkdiv.v" into library work
Analyzing Verilog file "/home/zjdxzn/lab13/SEGP2S_sim/../../lab12/MyRegCounter/MyRegister4b.v" into library work
Analyzing Verilog file "/home/zjdxzn/lab13/SEGP2S_sim/../../lab12/MyRegCounter/Load_Gen.v" into library work
Analyzing Verilog file "/home/zjdxzn/lab13/SEGP2S_sim/AddSub4b.vf" into library work
Analyzing Verilog file "/home/zjdxzn/lab13/SEGP2S_sim/SLReg9b.v" into library work
Analyzing Verilog file "/home/zjdxzn/lab13/SEGP2S_sim/SLReg8b.v" into library work
Analyzing Verilog file "/home/zjdxzn/lab13/SEGP2S_sim/SegmentDecoder.v" into library work
Analyzing Verilog file "/home/zjdxzn/lab13/SEGP2S_sim/LED.v" into library work
Analyzing Verilog file "/home/zjdxzn/lab13/SEGP2S_sim/SR_LATCH.vf" into library work
Analyzing Verilog file "/home/zjdxzn/lab13/SEGP2S_sim/../LEDP2S/Regtrans4b.v" into library work
Analyzing Verilog file "/home/zjdxzn/lab13/SEGP2S_sim/SEGP2S.v" into library work
Analyzing Verilog file "/home/zjdxzn/lab13/SEGP2S_sim/SEGP2S_sim2.v" into library work
Analyzing Verilog file "/opt/Xilinx/14.7/ISE_DS/ISE//verilog/src/glbl.v" into library work
Starting static elaboration
WARNING:HDLCompiler:1016 - "/home/zjdxzn/lab13/SEGP2S_sim/SEGP2S.v" Line 85: Port Qbar is not connected to this instance
WARNING:HDLCompiler:1016 - "/home/zjdxzn/lab13/SEGP2S_sim/../LEDP2S/Regtrans4b.v" Line 36: Port Co is not connected to this instance
Completed static elaboration
Fuse Memory Usage: 82956 KB
Fuse CPU Usage: 950 ms
Compiling module clkdiv
Compiling module MyRegister4b
Compiling module Load_Gen
Compiling module XOR2
Compiling module AND2
Compiling module OR3
Compiling module Adder1b
Compiling module AddSub1b_MUSER_AddSub4b
Compiling module AddSub4b
Compiling module Regtrans4b
Compiling module FD
Compiling module SLReg9b
Compiling module SLReg8b
Compiling module SegmentDecoder
Compiling module NOR2
Compiling module SR_LATCH
Compiling module LED
Compiling module SEGP2S
Compiling module SEGP2S_sim2
Compiling module glbl
Time Resolution for simulation is 1ps.
Compiled 20 Verilog Units
Built simulation executable /home/zjdxzn/lab13/SEGP2S_sim/SEGP2S_sim2_isim_beh.exe
Fuse Memory Usage: 2741328 KB
Fuse CPU Usage: 1020 ms
GCC CPU Usage: 1010 ms
